# JRE version: OpenJDK Runtime Environment Temurin-21.0.12.1+1 (21.0.12.1+1) (build 21.0.12.1+1-LTS)
# Java VM: OpenJDK 64-Bit Server VM Temurin-21.0.12.1+1 (21.0.12.1+1-LTS, mixed mode, sharing, tiered, compressed oops, compressed class ptrs, g1 gc, windows-amd64)
GC Precious Log:
 CardTable entry size: 512
 Card Set container configuration: InlinePtr #cards 5 size 8 Array Of Cards #cards 12 size 40 Howl #buckets 4 coarsen threshold 1843 Howl Bitmap #cards 512 size 80 coarsen threshold 460 Card regions per heap region 1 cards per card region 2048
 CPUs: 12 total, 12 available
 Memory: 7863M
 Large Page Support: Disabled
 NUMA Support: Disabled
 Compressed Oops: Enabled (32-bit)
 Heap Region Size: 1M
 Heap Min Capacity: 8M
 Heap Initial Capacity: 124M
 Heap Max Capacity: 1536M
 Pre-touch: Disabled
 Parallel Workers: 10
 Concurrent Workers: 3
 Concurrent Refinement Workers: 10
 Periodic GC: Disabled
Heap:
 garbage-first heap   total 89088K, used 88604K [0x00000000a0000000, 0x0000000100000000)
  region size 1024K, 35 young (35840K), 0 survivors (0K)
 Metaspace       used 53022K, committed 54784K, reserved 1114112K
  class space    used 7605K, committed 8448K, reserved 1048576K
GC Heap History (20 events):
Event: 5.967 GC heap after
{Heap after GC invocations=5 (full 0):
 garbage-first heap   total 126976K, used 24924K [0x00000000a0000000, 0x0000000100000000)
  region size 1024K, 3 young (3072K), 3 survivors (3072K)
 Metaspace       used 20750K, committed 21504K, reserved 1114112K
  class space    used 3073K, committed 3456K, reserved 1048576K
}
Event: 7.389 GC heap before
{Heap before GC invocations=6 (full 0):
 garbage-first heap   total 89088K, used 75100K [0x00000000a0000000, 0x0000000100000000)
  region size 1024K, 52 young (53248K), 3 survivors (3072K)
 Metaspace       used 27103K, committed 28160K, reserved 1114112K
  class space    used 4112K, committed 4608K, reserved 1048576K
}
Event: 7.395 GC heap after
{Heap after GC invocations=7 (full 0):
 garbage-first heap   total 89088K, used 26854K [0x00000000a0000000, 0x0000000100000000)
  region size 1024K, 5 young (5120K), 5 survivors (5120K)
 Metaspace       used 27103K, committed 28160K, reserved 1114112K
  class space    used 4112K, committed 4608K, reserved 1048576K
}
Event: 8.653 GC heap before
{Heap before GC invocations=7 (full 0):
 garbage-first heap   total 89088K, used 67814K [0x00000000a0000000, 0x0000000100000000)
  region size 1024K, 47 young (48128K), 5 survivors (5120K)
 Metaspace       used 34690K, committed 35968K, reserved 1114112K
  class space    used 5062K, committed 5696K, reserved 1048576K
}
Event: 8.660 GC heap after
{Heap after GC invocations=8 (full 0):
 garbage-first heap   total 89088K, used 30990K [0x00000000a0000000, 0x0000000100000000)
  region size 1024K, 7 young (7168K), 7 survivors (7168K)
 Metaspace       used 34690K, committed 35968K, reserved 1114112K
  class space    used 5062K, committed 5696K, reserved 1048576K
}
Event: 8.794 GC heap before
{Heap before GC invocations=8 (full 0):
 garbage-first heap   total 89088K, used 49422K [0x00000000a0000000, 0x0000000100000000)
  region size 1024K, 26 young (26624K), 7 survivors (7168K)
 Metaspace       used 34964K, committed 36288K, reserved 1114112K
  class space    used 5083K, committed 5760K, reserved 1048576K
}
Event: 8.801 GC heap after
{Heap after GC invocations=9 (full 0):
 garbage-first heap   total 89088K, used 32284K [0x00000000a0000000, 0x0000000100000000)
  region size 1024K, 2 young (2048K), 2 survivors (2048K)
 Metaspace       used 34964K, committed 36288K, reserved 1114112K
  class space    used 5083K, committed 5760K, reserved 1048576K
}
Event: 10.328 GC heap before
{Heap before GC invocations=10 (full 0):
 garbage-first heap   total 89088K, used 80412K [0x00000000a0000000, 0x0000000100000000)
  region size 1024K, 45 young (46080K), 2 survivors (2048K)
 Metaspace       used 40949K, committed 42368K, reserved 1114112K
  class space    used 5877K, committed 6592K, reserved 1048576K
}
Event: 10.332 GC heap after
{Heap after GC invocations=11 (full 0):
 garbage-first heap   total 89088K, used 35270K [0x00000000a0000000, 0x0000000100000000)
  region size 1024K, 5 young (5120K), 5 survivors (5120K)
 Metaspace       used 40949K, committed 42368K, reserved 1114112K
  class space    used 5877K, committed 6592K, reserved 1048576K
}
Event: 11.501 GC heap before
{Heap before GC invocations=11 (full 0):
 garbage-first heap   total 89088K, used 78278K [0x00000000a0000000, 0x0000000100000000)
  region size 1024K, 46 young (47104K), 5 survivors (5120K)
 Metaspace       used 45372K, committed 46976K, reserved 1114112K
  class space    used 6532K, committed 7296K, reserved 1048576K
}
Event: 11.506 GC heap after
{Heap after GC invocations=12 (full 0):
 garbage-first heap   total 89088K, used 37723K [0x00000000a0000000, 0x0000000100000000)
  region size 1024K, 3 young (3072K), 3 survivors (3072K)
 Metaspace       used 45372K, committed 46976K, reserved 1114112K
  class space    used 6532K, committed 7296K, reserved 1048576K
}
Event: 13.446 GC heap before
{Heap before GC invocations=12 (full 0):
 garbage-first heap   total 89088K, used 77659K [0x00000000a0000000, 0x0000000100000000)
  region size 1024K, 42 young (43008K), 3 survivors (3072K)
 Metaspace       used 49097K, committed 50752K, reserved 1114112K
  class space    used 7074K, committed 7872K, reserved 1048576K
}
Event: 13.452 GC heap after
{Heap after GC invocations=13 (full 0):
 garbage-first heap   total 89088K, used 40828K [0x00000000a0000000, 0x0000000100000000)
  region size 1024K, 6 young (6144K), 6 survivors (6144K)
 Metaspace       used 49097K, committed 50752K, reserved 1114112K
  class space    used 7074K, committed 7872K, reserved 1048576K
}
Event: 14.417 GC heap before
{Heap before GC invocations=13 (full 0):
 garbage-first heap   total 89088K, used 77692K [0x00000000a0000000, 0x0000000100000000)
  region size 1024K, 43 young (44032K), 6 survivors (6144K)
 Metaspace       used 50408K, committed 52032K, reserved 1114112K
  class space    used 7276K, committed 8064K, reserved 1048576K
}
Event: 14.425 GC heap after
{Heap after GC invocations=14 (full 0):
 garbage-first heap   total 89088K, used 43089K [0x00000000a0000000, 0x0000000100000000)
  region size 1024K, 6 young (6144K), 6 survivors (6144K)
 Metaspace       used 50408K, committed 52032K, reserved 1114112K
  class space    used 7276K, committed 8064K, reserved 1048576K
}
Event: 14.883 GC heap before
{Heap before GC invocations=14 (full 0):
 garbage-first heap   total 89088K, used 77905K [0x00000000a0000000, 0x0000000100000000)
  region size 1024K, 41 young (41984K), 6 survivors (6144K)
 Metaspace       used 50652K, committed 52288K, reserved 1114112K
  class space    used 7276K, committed 8064K, reserved 1048576K
}
Event: 14.890 GC heap after
{Heap after GC invocations=15 (full 0):
 garbage-first heap   total 89088K, used 44460K [0x00000000a0000000, 0x0000000100000000)
  region size 1024K, 4 young (4096K), 4 survivors (4096K)
 Metaspace       used 50652K, committed 52288K, reserved 1114112K
  class space    used 7276K, committed 8064K, reserved 1048576K
}
Event: 15.499 GC heap before
{Heap before GC invocations=15 (full 0):
 garbage-first heap   total 89088K, used 77228K [0x00000000a0000000, 0x0000000100000000)
  region size 1024K, 38 young (38912K), 4 survivors (4096K)
 Metaspace       used 50863K, committed 52608K, reserved 1114112K
  class space    used 7295K, committed 8128K, reserved 1048576K
}
Event: 15.504 GC heap after
{Heap after GC invocations=16 (full 0):
 garbage-first heap   total 89088K, used 45596K [0x00000000a0000000, 0x0000000100000000)
  region size 1024K, 3 young (3072K), 3 survivors (3072K)
 Metaspace       used 50863K, committed 52608K, reserved 1114112K
  class space    used 7295K, committed 8128K, reserved 1048576K
}
Event: 16.764 GC heap before
{Heap before GC invocations=17 (full 0):
 garbage-first heap   total 89088K, used 87580K [0x00000000a0000000, 0x0000000100000000)
  region size 1024K, 38 young (38912K), 3 survivors (3072K)
 Metaspace       used 53022K, committed 54784K, reserved 1114112K
  class space    used 7605K, committed 8448K, reserved 1048576K
}

