# JRE version: OpenJDK Runtime Environment Temurin-21.0.12.1+1 (21.0.12.1+1) (build 21.0.12.1+1-LTS)
# Java VM: OpenJDK 64-Bit Server VM Temurin-21.0.12.1+1 (21.0.12.1+1-LTS, mixed mode, sharing, tiered, compressed oops, compressed class ptrs, g1 gc, windows-amd64)
GC Precious Log:
 CardTable entry size: 512
 Card Set container configuration: InlinePtr #cards 5 size 8 Array Of Cards #cards 12 size 40 Howl #buckets 4 coarsen threshold 1843 Howl Bitmap #cards 512 size 80 coarsen threshold 460 Card regions per heap region 1 cards per card region 2048
 CPUs: 12 total, 12 available
 Memory: 7863M
 Large Page Support: Disabled
 NUMA Support: Disabled
 Compressed Oops: Enabled (32-bit)
 Heap Region Size: 1M
 Heap Min Capacity: 8M
 Heap Initial Capacity: 124M
 Heap Max Capacity: 1536M
 Pre-touch: Disabled
 Parallel Workers: 10
 Concurrent Workers: 3
 Concurrent Refinement Workers: 10
 Periodic GC: Disabled
Heap:
 garbage-first heap   total 119808K, used 115723K [0x00000000a0000000, 0x0000000100000000)
  region size 1024K, 50 young (51200K), 3 survivors (3072K)
 Metaspace       used 62569K, committed 64448K, reserved 1114112K
  class space    used 8873K, committed 9792K, reserved 1048576K
GC Heap History (20 events):
Event: 11.799 GC heap after
{Heap after GC invocations=8 (full 0):
 garbage-first heap   total 94208K, used 31461K [0x00000000a0000000, 0x0000000100000000)
  region size 1024K, 7 young (7168K), 7 survivors (7168K)
 Metaspace       used 34701K, committed 35968K, reserved 1114112K
  class space    used 5055K, committed 5696K, reserved 1048576K
}
Event: 12.014 GC heap before
{Heap before GC invocations=8 (full 0):
 garbage-first heap   total 94208K, used 48869K [0x00000000a0000000, 0x0000000100000000)
  region size 1024K, 25 young (25600K), 7 survivors (7168K)
 Metaspace       used 34962K, committed 36288K, reserved 1114112K
  class space    used 5077K, committed 5760K, reserved 1048576K
}
Event: 12.022 GC heap after
{Heap after GC invocations=9 (full 0):
 garbage-first heap   total 94208K, used 33183K [0x00000000a0000000, 0x0000000100000000)
  region size 1024K, 3 young (3072K), 3 survivors (3072K)
 Metaspace       used 34962K, committed 36288K, reserved 1114112K
  class space    used 5077K, committed 5760K, reserved 1048576K
}
Event: 14.041 GC heap before
{Heap before GC invocations=10 (full 0):
 garbage-first heap   total 94208K, used 83359K [0x00000000a0000000, 0x0000000100000000)
  region size 1024K, 47 young (48128K), 3 survivors (3072K)
 Metaspace       used 40912K, committed 42368K, reserved 1114112K
  class space    used 5864K, committed 6592K, reserved 1048576K
}
Event: 14.047 GC heap after
{Heap after GC invocations=11 (full 0):
 garbage-first heap   total 94208K, used 35717K [0x00000000a0000000, 0x0000000100000000)
  region size 1024K, 5 young (5120K), 5 survivors (5120K)
 Metaspace       used 40912K, committed 42368K, reserved 1114112K
  class space    used 5864K, committed 6592K, reserved 1048576K
}
Event: 15.709 GC heap before
{Heap before GC invocations=11 (full 0):
 garbage-first heap   total 94208K, used 81797K [0x00000000a0000000, 0x0000000100000000)
  region size 1024K, 48 young (49152K), 5 survivors (5120K)
 Metaspace       used 45530K, committed 47104K, reserved 1114112K
  class space    used 6544K, committed 7296K, reserved 1048576K
}
Event: 15.716 GC heap after
{Heap after GC invocations=12 (full 0):
 garbage-first heap   total 94208K, used 37950K [0x00000000a0000000, 0x0000000100000000)
  region size 1024K, 3 young (3072K), 3 survivors (3072K)
 Metaspace       used 45530K, committed 47104K, reserved 1114112K
  class space    used 6544K, committed 7296K, reserved 1048576K
}
Event: 17.629 GC heap before
{Heap before GC invocations=12 (full 0):
 garbage-first heap   total 94208K, used 79934K [0x00000000a0000000, 0x0000000100000000)
  region size 1024K, 45 young (46080K), 3 survivors (3072K)
 Metaspace       used 49320K, committed 51008K, reserved 1114112K
  class space    used 7113K, committed 7936K, reserved 1048576K
}
Event: 17.637 GC heap after
{Heap after GC invocations=13 (full 0):
 garbage-first heap   total 94208K, used 41243K [0x00000000a0000000, 0x0000000100000000)
  region size 1024K, 6 young (6144K), 6 survivors (6144K)
 Metaspace       used 49320K, committed 51008K, reserved 1114112K
  class space    used 7113K, committed 7936K, reserved 1048576K
}
Event: 18.275 GC heap before
{Heap before GC invocations=13 (full 0):
 garbage-first heap   total 94208K, used 81179K [0x00000000a0000000, 0x0000000100000000)
  region size 1024K, 46 young (47104K), 6 survivors (6144K)
 Metaspace       used 50512K, committed 52160K, reserved 1114112K
  class space    used 7284K, committed 8064K, reserved 1048576K
}
Event: 18.283 GC heap after
{Heap after GC invocations=14 (full 0):
 garbage-first heap   total 94208K, used 44037K [0x00000000a0000000, 0x0000000100000000)
  region size 1024K, 3 young (3072K), 3 survivors (3072K)
 Metaspace       used 50512K, committed 52160K, reserved 1114112K
  class space    used 7284K, committed 8064K, reserved 1048576K
}
Event: 18.626 GC heap before
{Heap before GC invocations=14 (full 0):
 garbage-first heap   total 94208K, used 81925K [0x00000000a0000000, 0x0000000100000000)
  region size 1024K, 41 young (41984K), 3 survivors (3072K)
 Metaspace       used 50787K, committed 52416K, reserved 1114112K
  class space    used 7284K, committed 8064K, reserved 1048576K
}
Event: 18.630 GC heap after
{Heap after GC invocations=15 (full 0):
 garbage-first heap   total 94208K, used 44717K [0x00000000a0000000, 0x0000000100000000)
  region size 1024K, 4 young (4096K), 4 survivors (4096K)
 Metaspace       used 50787K, committed 52416K, reserved 1114112K
  class space    used 7284K, committed 8064K, reserved 1048576K
}
Event: 18.890 GC heap before
{Heap before GC invocations=15 (full 0):
 garbage-first heap   total 94208K, used 66221K [0x00000000a0000000, 0x0000000100000000)
  region size 1024K, 27 young (27648K), 4 survivors (4096K)
 Metaspace       used 50911K, committed 52672K, reserved 1114112K
  class space    used 7303K, committed 8128K, reserved 1048576K
}
Event: 18.895 GC heap after
{Heap after GC invocations=16 (full 0):
 garbage-first heap   total 113664K, used 45928K [0x00000000a0000000, 0x0000000100000000)
  region size 1024K, 3 young (3072K), 3 survivors (3072K)
 Metaspace       used 50911K, committed 52672K, reserved 1114112K
  class space    used 7303K, committed 8128K, reserved 1048576K
}
Event: 21.146 GC heap before
{Heap before GC invocations=16 (full 0):
 garbage-first heap   total 113664K, used 107368K [0x00000000a0000000, 0x0000000100000000)
  region size 1024K, 57 young (58368K), 3 survivors (3072K)
 Metaspace       used 54865K, committed 56576K, reserved 1114112K
  class space    used 7830K, committed 8640K, reserved 1048576K
}
Event: 21.158 GC heap after
{Heap after GC invocations=17 (full 0):
 garbage-first heap   total 119808K, used 59553K [0x00000000a0000000, 0x0000000100000000)
  region size 1024K, 8 young (8192K), 8 survivors (8192K)
 Metaspace       used 54865K, committed 56576K, reserved 1114112K
  class space    used 7830K, committed 8640K, reserved 1048576K
}
Event: 22.383 GC heap before
{Heap before GC invocations=17 (full 0):
 garbage-first heap   total 119808K, used 95393K [0x00000000a0000000, 0x0000000100000000)
  region size 1024K, 44 young (45056K), 8 survivors (8192K)
 Metaspace       used 58811K, committed 60608K, reserved 1114112K
  class space    used 8353K, committed 9216K, reserved 1048576K
}
Event: 22.389 GC heap after
{Heap after GC invocations=18 (full 0):
 garbage-first heap   total 119808K, used 61451K [0x00000000a0000000, 0x0000000100000000)
  region size 1024K, 2 young (2048K), 2 survivors (2048K)
 Metaspace       used 58811K, committed 60608K, reserved 1114112K
  class space    used 8353K, committed 9216K, reserved 1048576K
}
Event: 23.805 GC heap before
{Heap before GC invocations=19 (full 0):
 garbage-first heap   total 119808K, used 115723K [0x00000000a0000000, 0x0000000100000000)
  region size 1024K, 49 young (50176K), 2 survivors (2048K)
 Metaspace       used 62569K, committed 64448K, reserved 1114112K
  class space    used 8873K, committed 9792K, reserved 1048576K
}

